TN:
SF:/Users/mty/AilerM/zebra-view/zebra-view/tests/unit/index.js
FN:1,(anonymous_0)
FN:6,__webpack_require__
FN:37,(anonymous_2)
FN:44,(anonymous_3)
FN:56,(anonymous_4)
FN:63,(anonymous_5)
FN:68,(anonymous_6)
FN:70,getDefault
FN:71,getModuleExports
FN:77,(anonymous_9)
FN:94,(anonymous_10)
FN:106,(anonymous_11)
FN:118,(anonymous_12)
FN:130,(anonymous_13)
FN:142,(anonymous_14)
FN:154,(anonymous_15)
FN:166,(anonymous_16)
FN:178,(anonymous_17)
FN:190,(anonymous_18)
FN:202,(anonymous_19)
FN:214,(anonymous_20)
FN:226,(anonymous_21)
FN:238,(anonymous_22)
FN:250,(anonymous_23)
FN:262,(anonymous_24)
FN:274,(anonymous_25)
FN:286,(anonymous_26)
FN:297,(anonymous_27)
FN:308,(anonymous_28)
FN:319,(anonymous_29)
FN:330,(anonymous_30)
FN:341,(anonymous_31)
FN:352,(anonymous_32)
FN:363,(anonymous_33)
FN:374,(anonymous_34)
FN:385,(anonymous_35)
FN:396,(anonymous_36)
FN:407,(anonymous_37)
FN:418,(anonymous_38)
FN:429,(anonymous_39)
FN:440,(anonymous_40)
FN:451,(anonymous_41)
FN:462,(anonymous_42)
FN:473,(anonymous_43)
FN:484,(anonymous_44)
FN:495,(anonymous_45)
FN:506,(anonymous_46)
FN:517,(anonymous_47)
FN:528,(anonymous_48)
FN:539,(anonymous_49)
FN:550,(anonymous_50)
FN:561,(anonymous_51)
FN:572,(anonymous_52)
FN:583,(anonymous_53)
FN:594,(anonymous_54)
FN:605,(anonymous_55)
FN:616,(anonymous_56)
FN:627,(anonymous_57)
FN:638,(anonymous_58)
FN:649,(anonymous_59)
FN:661,(anonymous_60)
FN:673,(anonymous_61)
FN:685,(anonymous_62)
FN:696,(anonymous_63)
FN:707,(anonymous_64)
FN:718,(anonymous_65)
FN:729,(anonymous_66)
FN:740,(anonymous_67)
FN:751,(anonymous_68)
FN:762,(anonymous_69)
FN:773,(anonymous_70)
FN:784,(anonymous_71)
FN:795,(anonymous_72)
FN:806,(anonymous_73)
FN:817,(anonymous_74)
FN:828,(anonymous_75)
FN:840,(anonymous_76)
FN:851,(anonymous_77)
FN:863,(anonymous_78)
FN:875,(anonymous_79)
FN:887,(anonymous_80)
FN:899,(anonymous_81)
FN:911,(anonymous_82)
FN:923,(anonymous_83)
FN:935,(anonymous_84)
FN:947,(anonymous_85)
FN:959,(anonymous_86)
FN:971,(anonymous_87)
FN:983,(anonymous_88)
FN:994,(anonymous_89)
FN:1005,(anonymous_90)
FN:1016,(anonymous_91)
FN:1028,(anonymous_92)
FN:1039,(anonymous_93)
FN:1050,(anonymous_94)
FN:1062,(anonymous_95)
FN:1074,(anonymous_96)
FN:1085,(anonymous_97)
FN:1096,(anonymous_98)
FN:1108,(anonymous_99)
FN:1119,(anonymous_100)
FN:1131,(anonymous_101)
FN:1142,(anonymous_102)
FN:1153,(anonymous_103)
FN:1164,(anonymous_104)
FN:1175,(anonymous_105)
FN:1186,(anonymous_106)
FN:1197,(anonymous_107)
FN:1208,(anonymous_108)
FN:1219,(anonymous_109)
FN:1230,(anonymous_110)
FN:1241,(anonymous_111)
FN:1253,(anonymous_112)
FN:1264,(anonymous_113)
FN:1275,(anonymous_114)
FN:1287,(anonymous_115)
FN:1299,(anonymous_116)
FN:1310,(anonymous_117)
FN:1321,(anonymous_118)
FN:1332,(anonymous_119)
FN:1343,(anonymous_120)
FN:1354,(anonymous_121)
FN:1365,(anonymous_122)
FN:1376,(anonymous_123)
FN:1387,(anonymous_124)
FN:1398,(anonymous_125)
FN:1409,(anonymous_126)
FN:1421,(anonymous_127)
FN:1432,(anonymous_128)
FN:1443,(anonymous_129)
FN:1454,(anonymous_130)
FN:1465,(anonymous_131)
FN:1476,(anonymous_132)
FN:1487,(anonymous_133)
FN:1498,(anonymous_134)
FN:1509,(anonymous_135)
FN:1520,(anonymous_136)
FN:1531,(anonymous_137)
FN:1542,(anonymous_138)
FN:1553,(anonymous_139)
FN:1564,(anonymous_140)
FN:1575,(anonymous_141)
FN:1586,(anonymous_142)
FN:1597,(anonymous_143)
FN:1608,(anonymous_144)
FN:1619,(anonymous_145)
FN:1630,(anonymous_146)
FN:1641,(anonymous_147)
FN:1653,(anonymous_148)
FN:1664,(anonymous_149)
FN:1675,(anonymous_150)
FN:1686,(anonymous_151)
FN:1697,(anonymous_152)
FN:1708,(anonymous_153)
FN:1720,(anonymous_154)
FN:1731,(anonymous_155)
FN:1742,(anonymous_156)
FN:1753,(anonymous_157)
FN:1764,(anonymous_158)
FN:1775,(anonymous_159)
FN:1786,(anonymous_160)
FN:1797,(anonymous_161)
FN:1808,(anonymous_162)
FN:1819,(anonymous_163)
FN:1830,(anonymous_164)
FN:1841,(anonymous_165)
FN:1853,(anonymous_166)
FN:1864,(anonymous_167)
FN:1875,(anonymous_168)
FN:1887,(anonymous_169)
FN:1898,(anonymous_170)
FN:1909,(anonymous_171)
FN:1920,(anonymous_172)
FN:1931,(anonymous_173)
FN:1942,(anonymous_174)
FN:1953,(anonymous_175)
FN:1964,(anonymous_176)
FN:1976,(anonymous_177)
FN:1988,(anonymous_178)
FN:2000,(anonymous_179)
FN:2011,(anonymous_180)
FN:2022,(anonymous_181)
FN:2034,(anonymous_182)
FN:2045,(anonymous_183)
FN:2056,(anonymous_184)
FN:2067,(anonymous_185)
FN:2078,(anonymous_186)
FN:2089,(anonymous_187)
FN:2100,(anonymous_188)
FN:2111,(anonymous_189)
FN:2122,(anonymous_190)
FN:2133,(anonymous_191)
FN:2144,(anonymous_192)
FN:2155,(anonymous_193)
FN:2166,(anonymous_194)
FN:2177,(anonymous_195)
FN:2188,(anonymous_196)
FN:2199,(anonymous_197)
FN:2210,(anonymous_198)
FN:2221,(anonymous_199)
FN:2232,(anonymous_200)
FN:2243,(anonymous_201)
FN:2254,(anonymous_202)
FN:2266,(anonymous_203)
FN:2278,(anonymous_204)
FN:2290,(anonymous_205)
FN:2302,(anonymous_206)
FN:2314,(anonymous_207)
FN:2325,(anonymous_208)
FN:2337,(anonymous_209)
FN:2349,(anonymous_210)
FN:2361,(anonymous_211)
FN:2372,(anonymous_212)
FN:2384,(anonymous_213)
FN:2396,(anonymous_214)
FN:2408,(anonymous_215)
FN:2420,(anonymous_216)
FN:2432,(anonymous_217)
FN:2443,(anonymous_218)
FN:2455,(anonymous_219)
FN:2466,(anonymous_220)
FN:2477,(anonymous_221)
FN:2488,(anonymous_222)
FN:2499,(anonymous_223)
FN:2510,(anonymous_224)
FN:2522,(anonymous_225)
FN:2534,(anonymous_226)
FN:2546,(anonymous_227)
FN:2558,(anonymous_228)
FN:2570,(anonymous_229)
FN:2582,(anonymous_230)
FN:2594,(anonymous_231)
FN:2605,(anonymous_232)
FN:2617,(anonymous_233)
FN:2628,(anonymous_234)
FN:2639,(anonymous_235)
FN:2650,(anonymous_236)
FN:2661,(anonymous_237)
FN:2672,(anonymous_238)
FN:2683,(anonymous_239)
FN:2694,(anonymous_240)
FN:2705,(anonymous_241)
FN:2717,(anonymous_242)
FN:2728,(anonymous_243)
FN:2739,(anonymous_244)
FN:2751,(anonymous_245)
FN:2763,(anonymous_246)
FN:2775,(anonymous_247)
FN:2787,(anonymous_248)
FN:2799,(anonymous_249)
FN:2810,(anonymous_250)
FN:2822,(anonymous_251)
FN:2833,(anonymous_252)
FN:2844,(anonymous_253)
FN:2855,(anonymous_254)
FN:2866,(anonymous_255)
FN:2877,(anonymous_256)
FN:2888,(anonymous_257)
FN:2900,(anonymous_258)
FN:2912,(anonymous_259)
FN:2923,(anonymous_260)
FN:2935,(anonymous_261)
FN:2946,(anonymous_262)
FN:2958,(anonymous_263)
FN:2970,(anonymous_264)
FN:2982,(anonymous_265)
FN:2994,(anonymous_266)
FN:3006,(anonymous_267)
FN:3018,(anonymous_268)
FN:3030,(anonymous_269)
FN:3042,(anonymous_270)
FN:3054,(anonymous_271)
FN:3066,(anonymous_272)
FN:3078,(anonymous_273)
FN:3090,(anonymous_274)
FN:3102,(anonymous_275)
FN:3114,(anonymous_276)
FN:3126,(anonymous_277)
FN:3138,(anonymous_278)
FN:3150,(anonymous_279)
FN:3162,(anonymous_280)
FN:3174,(anonymous_281)
FN:3186,(anonymous_282)
FN:3198,(anonymous_283)
FN:3210,(anonymous_284)
FN:3222,(anonymous_285)
FN:3234,(anonymous_286)
FN:3246,(anonymous_287)
FN:3258,(anonymous_288)
FN:3270,(anonymous_289)
FN:3282,(anonymous_290)
FN:3294,(anonymous_291)
FN:3306,(anonymous_292)
FN:3318,(anonymous_293)
FN:3330,(anonymous_294)
FN:3342,(anonymous_295)
FN:3354,(anonymous_296)
FN:3365,(anonymous_297)
FN:3377,(anonymous_298)
FN:3389,(anonymous_299)
FN:3401,(anonymous_300)
FNF:301
FNH:297
FNDA:1,(anonymous_0)
FNDA:819,__webpack_require__
FNDA:168,(anonymous_2)
FNDA:67,(anonymous_3)
FNDA:0,(anonymous_4)
FNDA:0,(anonymous_5)
FNDA:127,(anonymous_6)
FNDA:0,getDefault
FNDA:16,getModuleExports
FNDA:172,(anonymous_9)
FNDA:1,(anonymous_10)
FNDA:1,(anonymous_11)
FNDA:1,(anonymous_12)
FNDA:1,(anonymous_13)
FNDA:1,(anonymous_14)
FNDA:1,(anonymous_15)
FNDA:1,(anonymous_16)
FNDA:1,(anonymous_17)
FNDA:1,(anonymous_18)
FNDA:1,(anonymous_19)
FNDA:1,(anonymous_20)
FNDA:1,(anonymous_21)
FNDA:1,(anonymous_22)
FNDA:1,(anonymous_23)
FNDA:1,(anonymous_24)
FNDA:1,(anonymous_25)
FNDA:1,(anonymous_26)
FNDA:1,(anonymous_27)
FNDA:1,(anonymous_28)
FNDA:1,(anonymous_29)
FNDA:1,(anonymous_30)
FNDA:1,(anonymous_31)
FNDA:1,(anonymous_32)
FNDA:1,(anonymous_33)
FNDA:1,(anonymous_34)
FNDA:1,(anonymous_35)
FNDA:1,(anonymous_36)
FNDA:1,(anonymous_37)
FNDA:1,(anonymous_38)
FNDA:1,(anonymous_39)
FNDA:1,(anonymous_40)
FNDA:1,(anonymous_41)
FNDA:1,(anonymous_42)
FNDA:1,(anonymous_43)
FNDA:1,(anonymous_44)
FNDA:1,(anonymous_45)
FNDA:1,(anonymous_46)
FNDA:1,(anonymous_47)
FNDA:1,(anonymous_48)
FNDA:1,(anonymous_49)
FNDA:1,(anonymous_50)
FNDA:1,(anonymous_51)
FNDA:1,(anonymous_52)
FNDA:1,(anonymous_53)
FNDA:1,(anonymous_54)
FNDA:1,(anonymous_55)
FNDA:1,(anonymous_56)
FNDA:1,(anonymous_57)
FNDA:1,(anonymous_58)
FNDA:1,(anonymous_59)
FNDA:1,(anonymous_60)
FNDA:1,(anonymous_61)
FNDA:1,(anonymous_62)
FNDA:1,(anonymous_63)
FNDA:1,(anonymous_64)
FNDA:1,(anonymous_65)
FNDA:1,(anonymous_66)
FNDA:1,(anonymous_67)
FNDA:1,(anonymous_68)
FNDA:1,(anonymous_69)
FNDA:1,(anonymous_70)
FNDA:1,(anonymous_71)
FNDA:1,(anonymous_72)
FNDA:1,(anonymous_73)
FNDA:1,(anonymous_74)
FNDA:1,(anonymous_75)
FNDA:1,(anonymous_76)
FNDA:1,(anonymous_77)
FNDA:1,(anonymous_78)
FNDA:1,(anonymous_79)
FNDA:1,(anonymous_80)
FNDA:1,(anonymous_81)
FNDA:1,(anonymous_82)
FNDA:1,(anonymous_83)
FNDA:1,(anonymous_84)
FNDA:1,(anonymous_85)
FNDA:1,(anonymous_86)
FNDA:1,(anonymous_87)
FNDA:1,(anonymous_88)
FNDA:1,(anonymous_89)
FNDA:1,(anonymous_90)
FNDA:1,(anonymous_91)
FNDA:1,(anonymous_92)
FNDA:1,(anonymous_93)
FNDA:1,(anonymous_94)
FNDA:1,(anonymous_95)
FNDA:1,(anonymous_96)
FNDA:1,(anonymous_97)
FNDA:1,(anonymous_98)
FNDA:1,(anonymous_99)
FNDA:1,(anonymous_100)
FNDA:1,(anonymous_101)
FNDA:1,(anonymous_102)
FNDA:1,(anonymous_103)
FNDA:1,(anonymous_104)
FNDA:1,(anonymous_105)
FNDA:1,(anonymous_106)
FNDA:1,(anonymous_107)
FNDA:1,(anonymous_108)
FNDA:1,(anonymous_109)
FNDA:1,(anonymous_110)
FNDA:1,(anonymous_111)
FNDA:1,(anonymous_112)
FNDA:1,(anonymous_113)
FNDA:1,(anonymous_114)
FNDA:1,(anonymous_115)
FNDA:1,(anonymous_116)
FNDA:1,(anonymous_117)
FNDA:1,(anonymous_118)
FNDA:1,(anonymous_119)
FNDA:1,(anonymous_120)
FNDA:1,(anonymous_121)
FNDA:1,(anonymous_122)
FNDA:1,(anonymous_123)
FNDA:1,(anonymous_124)
FNDA:1,(anonymous_125)
FNDA:1,(anonymous_126)
FNDA:1,(anonymous_127)
FNDA:1,(anonymous_128)
FNDA:1,(anonymous_129)
FNDA:1,(anonymous_130)
FNDA:1,(anonymous_131)
FNDA:1,(anonymous_132)
FNDA:1,(anonymous_133)
FNDA:1,(anonymous_134)
FNDA:1,(anonymous_135)
FNDA:1,(anonymous_136)
FNDA:1,(anonymous_137)
FNDA:1,(anonymous_138)
FNDA:1,(anonymous_139)
FNDA:1,(anonymous_140)
FNDA:1,(anonymous_141)
FNDA:1,(anonymous_142)
FNDA:1,(anonymous_143)
FNDA:1,(anonymous_144)
FNDA:1,(anonymous_145)
FNDA:1,(anonymous_146)
FNDA:1,(anonymous_147)
FNDA:1,(anonymous_148)
FNDA:1,(anonymous_149)
FNDA:1,(anonymous_150)
FNDA:1,(anonymous_151)
FNDA:1,(anonymous_152)
FNDA:1,(anonymous_153)
FNDA:1,(anonymous_154)
FNDA:1,(anonymous_155)
FNDA:1,(anonymous_156)
FNDA:1,(anonymous_157)
FNDA:1,(anonymous_158)
FNDA:1,(anonymous_159)
FNDA:1,(anonymous_160)
FNDA:1,(anonymous_161)
FNDA:1,(anonymous_162)
FNDA:1,(anonymous_163)
FNDA:1,(anonymous_164)
FNDA:1,(anonymous_165)
FNDA:1,(anonymous_166)
FNDA:1,(anonymous_167)
FNDA:1,(anonymous_168)
FNDA:1,(anonymous_169)
FNDA:1,(anonymous_170)
FNDA:1,(anonymous_171)
FNDA:1,(anonymous_172)
FNDA:1,(anonymous_173)
FNDA:1,(anonymous_174)
FNDA:1,(anonymous_175)
FNDA:1,(anonymous_176)
FNDA:1,(anonymous_177)
FNDA:1,(anonymous_178)
FNDA:1,(anonymous_179)
FNDA:1,(anonymous_180)
FNDA:1,(anonymous_181)
FNDA:1,(anonymous_182)
FNDA:1,(anonymous_183)
FNDA:1,(anonymous_184)
FNDA:1,(anonymous_185)
FNDA:1,(anonymous_186)
FNDA:1,(anonymous_187)
FNDA:1,(anonymous_188)
FNDA:1,(anonymous_189)
FNDA:1,(anonymous_190)
FNDA:1,(anonymous_191)
FNDA:1,(anonymous_192)
FNDA:1,(anonymous_193)
FNDA:1,(anonymous_194)
FNDA:1,(anonymous_195)
FNDA:1,(anonymous_196)
FNDA:1,(anonymous_197)
FNDA:1,(anonymous_198)
FNDA:1,(anonymous_199)
FNDA:1,(anonymous_200)
FNDA:1,(anonymous_201)
FNDA:1,(anonymous_202)
FNDA:1,(anonymous_203)
FNDA:1,(anonymous_204)
FNDA:1,(anonymous_205)
FNDA:1,(anonymous_206)
FNDA:1,(anonymous_207)
FNDA:1,(anonymous_208)
FNDA:1,(anonymous_209)
FNDA:1,(anonymous_210)
FNDA:1,(anonymous_211)
FNDA:1,(anonymous_212)
FNDA:1,(anonymous_213)
FNDA:1,(anonymous_214)
FNDA:1,(anonymous_215)
FNDA:1,(anonymous_216)
FNDA:1,(anonymous_217)
FNDA:1,(anonymous_218)
FNDA:1,(anonymous_219)
FNDA:1,(anonymous_220)
FNDA:1,(anonymous_221)
FNDA:1,(anonymous_222)
FNDA:1,(anonymous_223)
FNDA:1,(anonymous_224)
FNDA:1,(anonymous_225)
FNDA:1,(anonymous_226)
FNDA:1,(anonymous_227)
FNDA:1,(anonymous_228)
FNDA:1,(anonymous_229)
FNDA:1,(anonymous_230)
FNDA:1,(anonymous_231)
FNDA:1,(anonymous_232)
FNDA:1,(anonymous_233)
FNDA:1,(anonymous_234)
FNDA:1,(anonymous_235)
FNDA:1,(anonymous_236)
FNDA:1,(anonymous_237)
FNDA:1,(anonymous_238)
FNDA:1,(anonymous_239)
FNDA:1,(anonymous_240)
FNDA:1,(anonymous_241)
FNDA:1,(anonymous_242)
FNDA:0,(anonymous_243)
FNDA:1,(anonymous_244)
FNDA:1,(anonymous_245)
FNDA:1,(anonymous_246)
FNDA:1,(anonymous_247)
FNDA:1,(anonymous_248)
FNDA:1,(anonymous_249)
FNDA:1,(anonymous_250)
FNDA:1,(anonymous_251)
FNDA:1,(anonymous_252)
FNDA:1,(anonymous_253)
FNDA:1,(anonymous_254)
FNDA:1,(anonymous_255)
FNDA:1,(anonymous_256)
FNDA:1,(anonymous_257)
FNDA:1,(anonymous_258)
FNDA:1,(anonymous_259)
FNDA:1,(anonymous_260)
FNDA:1,(anonymous_261)
FNDA:1,(anonymous_262)
FNDA:1,(anonymous_263)
FNDA:1,(anonymous_264)
FNDA:1,(anonymous_265)
FNDA:1,(anonymous_266)
FNDA:1,(anonymous_267)
FNDA:1,(anonymous_268)
FNDA:1,(anonymous_269)
FNDA:1,(anonymous_270)
FNDA:1,(anonymous_271)
FNDA:1,(anonymous_272)
FNDA:1,(anonymous_273)
FNDA:1,(anonymous_274)
FNDA:1,(anonymous_275)
FNDA:1,(anonymous_276)
FNDA:1,(anonymous_277)
FNDA:1,(anonymous_278)
FNDA:1,(anonymous_279)
FNDA:1,(anonymous_280)
FNDA:1,(anonymous_281)
FNDA:1,(anonymous_282)
FNDA:1,(anonymous_283)
FNDA:1,(anonymous_284)
FNDA:1,(anonymous_285)
FNDA:1,(anonymous_286)
FNDA:1,(anonymous_287)
FNDA:1,(anonymous_288)
FNDA:1,(anonymous_289)
FNDA:1,(anonymous_290)
FNDA:1,(anonymous_291)
FNDA:1,(anonymous_292)
FNDA:1,(anonymous_293)
FNDA:1,(anonymous_294)
FNDA:1,(anonymous_295)
FNDA:1,(anonymous_296)
FNDA:1,(anonymous_297)
FNDA:1,(anonymous_298)
FNDA:1,(anonymous_299)
FNDA:1,(anonymous_300)
DA:1,1
DA:3,1
DA:9,819
DA:10,529
DA:13,290
DA:20,290
DA:23,290
DA:26,290
DA:31,1
DA:34,1
DA:37,1
DA:38,168
DA:39,168
DA:44,1
DA:45,67
DA:46,67
DA:48,67
DA:56,1
DA:57,0
DA:58,0
DA:59,0
DA:60,0
DA:61,0
DA:62,0
DA:63,0
DA:64,0
DA:68,1
DA:69,127
DA:70,0
DA:71,16
DA:72,127
DA:73,127
DA:77,172
DA:80,1
DA:84,1
DA:97,1
DA:109,1
DA:121,1
DA:133,1
DA:145,1
DA:157,1
DA:169,1
DA:181,1
DA:193,1
DA:205,1
DA:217,1
DA:229,1
DA:241,1
DA:253,1
DA:265,1
DA:277,1
DA:288,1
DA:299,1
DA:310,1
DA:321,1
DA:332,1
DA:343,1
DA:354,1
DA:365,1
DA:376,1
DA:387,1
DA:398,1
DA:409,1
DA:420,1
DA:431,1
DA:442,1
DA:453,1
DA:464,1
DA:475,1
DA:486,1
DA:497,1
DA:508,1
DA:519,1
DA:530,1
DA:541,1
DA:552,1
DA:563,1
DA:574,1
DA:585,1
DA:596,1
DA:607,1
DA:618,1
DA:629,1
DA:640,1
DA:652,1
DA:664,1
DA:676,1
DA:687,1
DA:698,1
DA:709,1
DA:720,1
DA:731,1
DA:742,1
DA:753,1
DA:764,1
DA:775,1
DA:786,1
DA:797,1
DA:808,1
DA:819,1
DA:831,1
DA:842,1
DA:854,1
DA:866,1
DA:878,1
DA:890,1
DA:902,1
DA:914,1
DA:926,1
DA:938,1
DA:950,1
DA:962,1
DA:974,1
DA:985,1
DA:996,1
DA:1007,1
DA:1019,1
DA:1030,1
DA:1041,1
DA:1053,1
DA:1065,1
DA:1076,1
DA:1087,1
DA:1099,1
DA:1110,1
DA:1122,1
DA:1133,1
DA:1144,1
DA:1155,1
DA:1166,1
DA:1177,1
DA:1188,1
DA:1199,1
DA:1210,1
DA:1221,1
DA:1232,1
DA:1244,1
DA:1255,1
DA:1266,1
DA:1278,1
DA:1290,1
DA:1301,1
DA:1312,1
DA:1323,1
DA:1334,1
DA:1345,1
DA:1356,1
DA:1367,1
DA:1378,1
DA:1389,1
DA:1400,1
DA:1412,1
DA:1423,1
DA:1434,1
DA:1445,1
DA:1456,1
DA:1467,1
DA:1478,1
DA:1489,1
DA:1500,1
DA:1511,1
DA:1522,1
DA:1533,1
DA:1544,1
DA:1555,1
DA:1566,1
DA:1577,1
DA:1588,1
DA:1599,1
DA:1610,1
DA:1621,1
DA:1632,1
DA:1644,1
DA:1655,1
DA:1666,1
DA:1677,1
DA:1688,1
DA:1699,1
DA:1711,1
DA:1722,1
DA:1733,1
DA:1744,1
DA:1755,1
DA:1766,1
DA:1777,1
DA:1788,1
DA:1799,1
DA:1810,1
DA:1821,1
DA:1832,1
DA:1844,1
DA:1855,1
DA:1866,1
DA:1878,1
DA:1889,1
DA:1900,1
DA:1911,1
DA:1922,1
DA:1933,1
DA:1944,1
DA:1955,1
DA:1967,1
DA:1979,1
DA:1991,1
DA:2002,1
DA:2013,1
DA:2025,1
DA:2036,1
DA:2047,1
DA:2058,1
DA:2069,1
DA:2080,1
DA:2091,1
DA:2102,1
DA:2113,1
DA:2124,1
DA:2135,1
DA:2146,1
DA:2157,1
DA:2168,1
DA:2179,1
DA:2190,1
DA:2201,1
DA:2212,1
DA:2223,1
DA:2234,1
DA:2245,1
DA:2257,1
DA:2269,1
DA:2281,1
DA:2293,1
DA:2305,1
DA:2316,1
DA:2328,1
DA:2340,1
DA:2352,1
DA:2363,1
DA:2375,1
DA:2387,1
DA:2399,1
DA:2411,1
DA:2423,1
DA:2434,1
DA:2446,1
DA:2457,1
DA:2468,1
DA:2479,1
DA:2490,1
DA:2501,1
DA:2513,1
DA:2525,1
DA:2537,1
DA:2549,1
DA:2561,1
DA:2573,1
DA:2585,1
DA:2596,1
DA:2608,1
DA:2619,1
DA:2630,1
DA:2641,1
DA:2652,1
DA:2663,1
DA:2674,1
DA:2685,1
DA:2696,1
DA:2708,1
DA:2719,1
DA:2730,0
DA:2742,1
DA:2754,1
DA:2766,1
DA:2778,1
DA:2790,1
DA:2801,1
DA:2813,1
DA:2824,1
DA:2835,1
DA:2846,1
DA:2857,1
DA:2868,1
DA:2879,1
DA:2891,1
DA:2903,1
DA:2914,1
DA:2926,1
DA:2937,1
DA:2949,1
DA:2961,1
DA:2973,1
DA:2985,1
DA:2997,1
DA:3009,1
DA:3021,1
DA:3033,1
DA:3045,1
DA:3057,1
DA:3069,1
DA:3081,1
DA:3093,1
DA:3105,1
DA:3117,1
DA:3129,1
DA:3141,1
DA:3153,1
DA:3165,1
DA:3177,1
DA:3189,1
DA:3201,1
DA:3213,1
DA:3225,1
DA:3237,1
DA:3249,1
DA:3261,1
DA:3273,1
DA:3285,1
DA:3297,1
DA:3309,1
DA:3321,1
DA:3333,1
DA:3345,1
DA:3356,1
DA:3368,1
DA:3380,1
DA:3392,1
DA:3404,1
LF:326
LH:316
BRDA:9,0,0,529
BRDA:9,0,1,290
BRDA:38,1,0,168
BRDA:38,1,1,0
BRDA:45,2,0,67
BRDA:45,2,1,0
BRDA:45,3,0,67
BRDA:45,3,1,67
BRDA:57,4,0,0
BRDA:57,4,1,0
BRDA:58,5,0,0
BRDA:58,5,1,0
BRDA:59,6,0,0
BRDA:59,6,1,0
BRDA:59,7,0,0
BRDA:59,7,1,0
BRDA:59,7,2,0
BRDA:59,7,3,0
BRDA:63,8,0,0
BRDA:63,8,1,0
BRDA:63,9,0,0
BRDA:63,9,1,0
BRDA:69,10,0,4
BRDA:69,10,1,123
BRDA:69,11,0,127
BRDA:69,11,1,127
BRF:26
BRH:10
end_of_record
